<?xml version="1.0" encoding="UTF-8"?>
<testsuite xmlns:xsi="http://www.w3.org/2001/XMLSchema-instance" xsi:noNamespaceSchemaLocation="https://maven.apache.org/surefire/maven-surefire-plugin/xsd/surefire-test-report.xsd" name="org.example.CalcTest" time="0.02" tests="2" errors="0" skipped="0" failures="1">
  <properties>
    <property name="sun.desktop" value="windows"/>
    <property name="awt.toolkit" value="sun.awt.windows.WToolkit"/>
    <property name="file.encoding.pkg" value="sun.io"/>
    <property name="java.specification.version" value="1.8"/>
    <property name="sun.cpu.isalist" value="amd64"/>
    <property name="sun.jnu.encoding" value="GBK"/>
    <property name="java.class.path" value="C:\Users\13520\tutorial4\target\test-classes;C:\Users\13520\tutorial4\target\classes;O:\SE\maven2\apache-maven-3.9.11\repo\org\junit\jupiter\junit-jupiter-engine\5.4.0\junit-jupiter-engine-5.4.0.jar;O:\SE\maven2\apache-maven-3.9.11\repo\org\apiguardian\apiguardian-api\1.0.0\apiguardian-api-1.0.0.jar;O:\SE\maven2\apache-maven-3.9.11\repo\org\junit\platform\junit-platform-engine\1.4.0\junit-platform-engine-1.4.0.jar;O:\SE\maven2\apache-maven-3.9.11\repo\org\opentest4j\opentest4j\1.1.1\opentest4j-1.1.1.jar;O:\SE\maven2\apache-maven-3.9.11\repo\org\junit\platform\junit-platform-commons\1.4.0\junit-platform-commons-1.4.0.jar;O:\SE\maven2\apache-maven-3.9.11\repo\org\junit\jupiter\junit-jupiter-api\5.4.0\junit-jupiter-api-5.4.0.jar;O:\SE\maven2\apache-maven-3.9.11\repo\org\junit\jupiter\junit-jupiter\6.0.0\junit-jupiter-6.0.0.jar;O:\SE\maven2\apache-maven-3.9.11\repo\org\junit\jupiter\junit-jupiter-params\6.0.0\junit-jupiter-params-6.0.0.jar;O:\SE\maven2\apache-maven-3.9.11\repo\org\jspecify\jspecify\1.0.0\jspecify-1.0.0.jar;"/>
    <property name="java.vm.vendor" value="Oracle Corporation"/>
    <property name="sun.arch.data.model" value="64"/>
    <property name="user.variant" value=""/>
    <property name="java.vendor.url" value="http://java.oracle.com/"/>
    <property name="user.timezone" value="Asia/Shanghai"/>
    <property name="java.vm.specification.version" value="1.8"/>
    <property name="os.name" value="Windows 10"/>
    <property name="user.country" value="CN"/>
    <property name="sun.java.launcher" value="SUN_STANDARD"/>
    <property name="sun.boot.library.path" value="C:\Program Files\Java\jdk1.8.0_202\jre\bin"/>
    <property name="sun.java.command" value="C:\Users\13520\AppData\Local\Temp\surefire4410980257170195443\surefirebooter7129433371172882267.jar C:\Users\13520\AppData\Local\Temp\surefire4410980257170195443 2025-10-16T14-38-44_993-jvmRun1 surefire5942457642629171322tmp surefire_07671442521936033249tmp"/>
    <property name="surefire.test.class.path" value="C:\Users\13520\tutorial4\target\test-classes;C:\Users\13520\tutorial4\target\classes;O:\SE\maven2\apache-maven-3.9.11\repo\org\junit\jupiter\junit-jupiter-engine\5.4.0\junit-jupiter-engine-5.4.0.jar;O:\SE\maven2\apache-maven-3.9.11\repo\org\apiguardian\apiguardian-api\1.0.0\apiguardian-api-1.0.0.jar;O:\SE\maven2\apache-maven-3.9.11\repo\org\junit\platform\junit-platform-engine\1.4.0\junit-platform-engine-1.4.0.jar;O:\SE\maven2\apache-maven-3.9.11\repo\org\opentest4j\opentest4j\1.1.1\opentest4j-1.1.1.jar;O:\SE\maven2\apache-maven-3.9.11\repo\org\junit\platform\junit-platform-commons\1.4.0\junit-platform-commons-1.4.0.jar;O:\SE\maven2\apache-maven-3.9.11\repo\org\junit\jupiter\junit-jupiter-api\5.4.0\junit-jupiter-api-5.4.0.jar;O:\SE\maven2\apache-maven-3.9.11\repo\org\junit\jupiter\junit-jupiter\6.0.0\junit-jupiter-6.0.0.jar;O:\SE\maven2\apache-maven-3.9.11\repo\org\junit\jupiter\junit-jupiter-params\6.0.0\junit-jupiter-params-6.0.0.jar;O:\SE\maven2\apache-maven-3.9.11\repo\org\jspecify\jspecify\1.0.0\jspecify-1.0.0.jar;"/>
    <property name="sun.cpu.endian" value="little"/>
    <property name="user.home" value="C:\Users\13520"/>
    <property name="user.language" value="zh"/>
    <property name="java.specification.vendor" value="Oracle Corporation"/>
    <property name="java.home" value="C:\Program Files\Java\jdk1.8.0_202\jre"/>
    <property name="basedir" value="C:\Users\13520\tutorial4"/>
    <property name="file.separator" value="\"/>
    <property name="line.separator" value="&#10;"/>
    <property name="java.vm.specification.vendor" value="Oracle Corporation"/>
    <property name="java.specification.name" value="Java Platform API Specification"/>
    <property name="java.awt.graphicsenv" value="sun.awt.Win32GraphicsEnvironment"/>
    <property name="surefire.real.class.path" value="C:\Users\13520\AppData\Local\Temp\surefire4410980257170195443\surefirebooter7129433371172882267.jar"/>
    <property name="sun.boot.class.path" value="C:\Program Files\Java\jdk1.8.0_202\jre\lib\resources.jar;C:\Program Files\Java\jdk1.8.0_202\jre\lib\rt.jar;C:\Program Files\Java\jdk1.8.0_202\jre\lib\sunrsasign.jar;C:\Program Files\Java\jdk1.8.0_202\jre\lib\jsse.jar;C:\Program Files\Java\jdk1.8.0_202\jre\lib\jce.jar;C:\Program Files\Java\jdk1.8.0_202\jre\lib\charsets.jar;C:\Program Files\Java\jdk1.8.0_202\jre\lib\jfr.jar;C:\Program Files\Java\jdk1.8.0_202\jre\classes"/>
    <property name="user.script" value=""/>
    <property name="sun.management.compiler" value="HotSpot 64-Bit Tiered Compilers"/>
    <property name="java.runtime.version" value="1.8.0_202-b08"/>
    <property name="user.name" value="Sijia Yang"/>
    <property name="path.separator" value=";"/>
    <property name="os.version" value="10.0"/>
    <property name="java.endorsed.dirs" value="C:\Program Files\Java\jdk1.8.0_202\jre\lib\endorsed"/>
    <property name="java.runtime.name" value="Java(TM) SE Runtime Environment"/>
    <property name="file.encoding" value="GBK"/>
    <property name="java.vm.name" value="Java HotSpot(TM) 64-Bit Server VM"/>
    <property name="localRepository" value="O:\SE\maven2\apache-maven-3.9.11\repo"/>
    <property name="java.vendor.url.bug" value="http://bugreport.sun.com/bugreport/"/>
    <property name="java.io.tmpdir" value="C:\Users\13520\AppData\Local\Temp\"/>
    <property name="java.version" value="1.8.0_202"/>
    <property name="user.dir" value="C:\Users\13520\tutorial4"/>
    <property name="os.arch" value="amd64"/>
    <property name="java.vm.specification.name" value="Java Virtual Machine Specification"/>
    <property name="java.awt.printerjob" value="sun.awt.windows.WPrinterJob"/>
    <property name="sun.os.patch.level" value=""/>
    <property name="java.library.path" value="C:\Program Files\Java\jdk1.8.0_202\jre\bin;C:\WINDOWS\Sun\Java\bin;C:\WINDOWS\system32;C:\WINDOWS;C:\Users\13520\bin;O:\Git\mingw64\bin;O:\Git\usr\local\bin;O:\Git\usr\bin;O:\Git\usr\bin;O:\Git\mingw64\bin;O:\Git\usr\bin;C:\Users\13520\bin;C:\Program Files (x86)\Common Files\Oracle\Java\javapath;O:\CUDA\CUDA\bin;O:\CUDA\CUDA\libnvvp;O:\bin;C:\Program Files\Common Files\Oracle\Java\javapath;C:\Windows\system32;C:\Windows;C:\Program Files\Java\jdk1.8.0_202\bin;C:\Windows\System32\Wbem;C:\Windows\System32\WindowsPowerShell\v1.0;C:\Windows\System32\OpenSSH;C:\Program Files (x86)\NVIDIA Corporation\PhysX\Common;C:\Program Files\NVIDIA Corporation\NVIDIA NvDLISR;C:\WINDOWS\system32;C:\WINDOWS;C:\WINDOWS\System32\Wbem;C:\WINDOWS\System32\WindowsPowerShell\v1.0;C:\WINDOWS\System32\OpenSSH;C:\Program Files (x86)\Microsoft SQL Server\100\Tools\Binn;C:\Program Files\Microsoft SQL Server\100\Tools\Binn;C:\Program Files\Microsoft SQL Server\100\DTS\Binn;C:\Program Files\Microsoft SQL Server\150\Tools\Binn;C:\MinGW\mingw64\bin;C:\MinGW\mingw64\x86_64-w64-mingw32\lib;O:\matlab\bin;O:\LINGO64_21;O:\Latex\texlive\2025\bin\windows;C:\Program Files\Microsoft SQL Server\Client SDK\ODBC\170\Tools\Binn;C:\Program Files\dotnet;C:\Program Files (x86)\Windows Kits\10\Windows Performance Toolkit;O:\Git\cmd;C:\Program Files\NVIDIA Corporation\Nsight Compute 2022.3.0;O:\SE\maven2\apache-maven-3.9.11\bin;C:\Program Files\Docker\Docker\resources\bin;O:\Anaconda;O:\Anaconda\Library\mingw-w64\bin;O:\Anaconda\Library\usr\bin;O:\Anaconda\Library\bin;O:\Anaconda\Scripts;C:\Users\13520\AppData\Local\Programs\Python\Python39\Scripts;C:\Users\13520\AppData\Local\Programs\Python\Python39;O:\python\python\Scripts;O:\python\python;O:\python24\Scripts;O:\python24;C:\Users\13520\AppData\Local\Microsoft\WindowsApps;O:\Microsoft VS Code\bin;C:\Users\13520\AppData\Local\Programs\Ollama;C:\Users\13520\Desktop\IntelliJ IDEA 2024.3.3\bin;O:\PyCharm 2024.3.5\bin;C:\texlive\2025\bin\windows;C:\Users\13520\.dotnet\tools;C:\Users\13520\AppData\Local\GitHubDesktop\bin;O:\Pycharm\PyCharm Community Edition 2024.2.4\bin;O:\Git\usr\bin\vendor_perl;O:\Git\usr\bin\core_perl;."/>
    <property name="java.vm.info" value="mixed mode"/>
    <property name="java.vendor" value="Oracle Corporation"/>
    <property name="java.vm.version" value="25.202-b08"/>
    <property name="java.ext.dirs" value="C:\Program Files\Java\jdk1.8.0_202\jre\lib\ext;C:\WINDOWS\Sun\Java\lib\ext"/>
    <property name="sun.io.unicode.encoding" value="UnicodeLittle"/>
    <property name="java.class.version" value="52.0"/>
  </properties>
  <testcase name="testAddition" classname="org.example.CalcTest" time="0.005"/>
  <testcase name="testSubtraction" classname="org.example.CalcTest" time="0.009">
    <failure message="expected: &lt;2&gt; but was: &lt;8&gt;" type="org.opentest4j.AssertionFailedError"><![CDATA[org.opentest4j.AssertionFailedError: expected: <2> but was: <8>
	at org.example.CalcTest.testSubtraction(CalcTest.java:17)
]]></failure>
  </testcase>
</testsuite>